[2025-08-12 22:49:40] local.INFO: Auth check {"session_id":"tOnXpcu1JyBEvwmYSUGRKh6bTxfGWGugHxGxf7Rh","session_volunteer_id":null,"auth_authenticated":false,"auth_user_id":null,"found_volunteer":"none"} 
[2025-08-12 22:49:41] local.INFO: Auth check {"session_id":"tOnXpcu1JyBEvwmYSUGRKh6bTxfGWGugHxGxf7Rh","session_volunteer_id":null,"auth_authenticated":false,"auth_user_id":null,"found_volunteer":"none"} 
[2025-08-12 22:49:41] local.INFO: Auth check {"session_id":"tOnXpcu1JyBEvwmYSUGRKh6bTxfGWGugHxGxf7Rh","session_volunteer_id":null,"auth_authenticated":false,"auth_user_id":null,"found_volunteer":"none"} 
[2025-08-12 22:49:47] local.INFO: Login attempt {"phone_number":"0811945222","volunteer_found":"yes","password_match":"yes"} 
[2025-08-12 22:49:47] local.INFO: Login successful {"session_id":"vCEiRRCv072k6byHJo3qA2cO5iJCKXyqNYWzcSTc","session_volunteer_id":3,"auth_authenticated":true,"auth_user_id":"0811945222"} 
[2025-08-12 22:49:47] local.INFO: Auth check {"session_id":"vCEiRRCv072k6byHJo3qA2cO5iJCKXyqNYWzcSTc","session_volunteer_id":3,"auth_authenticated":false,"auth_user_id":"0811945222","found_volunteer":3} 
[2025-08-12 22:49:47] local.ERROR: Class "finfo" not found {"userId":"0811945222","exception":"[object] (Error(code: 0): Class \"finfo\" not found at /www/wwwroot/relawan.kenalipaslon.online/vendor/league/mime-type-detection/src/FinfoMimeTypeDetector.php:48)
[stacktrace]
#0 /www/wwwroot/relawan.kenalipaslon.online/vendor/league/flysystem-local/LocalFilesystemAdapter.php(86): League\\MimeTypeDetection\\FinfoMimeTypeDetector->__construct()
#1 /www/wwwroot/relawan.kenalipaslon.online/vendor/laravel/framework/src/Illuminate/Filesystem/FilesystemManager.php(184): League\\Flysystem\\Local\\LocalFilesystemAdapter->__construct()
#2 /www/wwwroot/relawan.kenalipaslon.online/vendor/laravel/framework/src/Illuminate/Filesystem/FilesystemManager.php(152): Illuminate\\Filesystem\\FilesystemManager->createLocalDriver()
#3 /www/wwwroot/relawan.kenalipaslon.online/vendor/laravel/framework/src/Illuminate/Filesystem/FilesystemManager.php(120): Illuminate\\Filesystem\\FilesystemManager->resolve()
#4 /www/wwwroot/relawan.kenalipaslon.online/vendor/laravel/framework/src/Illuminate/Filesystem/FilesystemManager.php(83): Illuminate\\Filesystem\\FilesystemManager->get()
#5 /www/wwwroot/relawan.kenalipaslon.online/vendor/laravel/framework/src/Illuminate/Filesystem/FilesystemManager.php(450): Illuminate\\Filesystem\\FilesystemManager->disk()
#6 /www/wwwroot/relawan.kenalipaslon.online/vendor/laravel/framework/src/Illuminate/Support/Facades/Facade.php(361): Illuminate\\Filesystem\\FilesystemManager->__call()
#7 /www/wwwroot/relawan.kenalipaslon.online/app/Http/Controllers/FieldRecordController.php(38): Illuminate\\Support\\Facades\\Facade::__callStatic()
#8 [internal function]: App\\Http\\Controllers\\FieldRecordController->App\\Http\\Controllers\\{closure}()
#9 /www/wwwroot/relawan.kenalipaslon.online/vendor/laravel/framework/src/Illuminate/Collections/Arr.php(609): array_map()
#10 /www/wwwroot/relawan.kenalipaslon.online/vendor/laravel/framework/src/Illuminate/Collections/Collection.php(799): Illuminate\\Support\\Arr::map()
#11 /www/wwwroot/relawan.kenalipaslon.online/vendor/laravel/framework/src/Illuminate/Database/Eloquent/Collection.php(388): Illuminate\\Support\\Collection->map()
#12 /www/wwwroot/relawan.kenalipaslon.online/app/Http/Controllers/FieldRecordController.php(29): Illuminate\\Database\\Eloquent\\Collection->map()
#13 /www/wwwroot/relawan.kenalipaslon.online/vendor/laravel/framework/src/Illuminate/Routing/ControllerDispatcher.php(47): App\\Http\\Controllers\\FieldRecordController->index()
#14 /www/wwwroot/relawan.kenalipaslon.online/vendor/laravel/framework/src/Illuminate/Routing/Route.php(266): Illuminate\\Routing\\ControllerDispatcher->dispatch()
#15 /www/wwwroot/relawan.kenalipaslon.online/vendor/laravel/framework/src/Illuminate/Routing/Route.php(212): Illuminate\\Routing\\Route->runController()
#16 /www/wwwroot/relawan.kenalipaslon.online/vendor/laravel/framework/src/Illuminate/Routing/Router.php(808): Illuminate\\Routing\\Route->run()
#17 /www/wwwroot/relawan.kenalipaslon.online/vendor/laravel/framework/src/Illuminate/Pipeline/Pipeline.php(170): Illuminate\\Routing\\Router->Illuminate\\Routing\\{closure}()
#18 /www/wwwroot/relawan.kenalipaslon.online/app/Http/Middleware/VolunteerAuth.php(48): Illuminate\\Pipeline\\Pipeline->Illuminate\\Pipeline\\{closure}()
#19 /www/wwwroot/relawan.kenalipaslon.online/vendor/laravel/framework/src/Illuminate/Pipeline/Pipeline.php(209): App\\Http\\Middleware\\VolunteerAuth->handle()
#20 /www/wwwroot/relawan.kenalipaslon.online/vendor/laravel/framework/src/Illuminate/Routing/Middleware/SubstituteBindings.php(51): Illuminate\\Pipeline\\Pipeline->Illuminate\\Pipeline\\{closure}()
#21 /www/wwwroot/relawan.kenalipaslon.online/vendor/laravel/framework/src/Illuminate/Pipeline/Pipeline.php(209): Illuminate\\Routing\\Middleware\\SubstituteBindings->handle()
#22 /www/wwwroot/relawan.kenalipaslon.online/vendor/laravel/framework/src/Illuminate/Foundation/Http/Middleware/VerifyCsrfToken.php(88): Illuminate\\Pipeline\\Pipeline->Illuminate\\Pipeline\\{closure}()
#23 /www/wwwroot/relawan.kenalipaslon.online/vendor/laravel/framework/src/Illuminate/Pipeline/Pipeline.php(209): Illuminate\\Foundation\\Http\\Middleware\\VerifyCsrfToken->handle()
#24 /www/wwwroot/relawan.kenalipaslon.online/vendor/laravel/framework/src/Illuminate/View/Middleware/ShareErrorsFromSession.php(49): Illuminate\\Pipeline\\Pipeline->Illuminate\\Pipeline\\{closure}()
#25 /www/wwwroot/relawan.kenalipaslon.online/vendor/laravel/framework/src/Illuminate/Pipeline/Pipeline.php(209): Illuminate\\View\\Middleware\\ShareErrorsFromSession->handle()
#26 /www/wwwroot/relawan.kenalipaslon.online/vendor/laravel/framework/src/Illuminate/Session/Middleware/StartSession.php(121): Illuminate\\Pipeline\\Pipeline->Illuminate\\Pipeline\\{closure}()
#27 /www/wwwroot/relawan.kenalipaslon.online/vendor/laravel/framework/src/Illuminate/Session/Middleware/StartSession.php(64): Illuminate\\Session\\Middleware\\StartSession->handleStatefulRequest()
#28 /www/wwwroot/relawan.kenalipaslon.online/vendor/laravel/framework/src/Illuminate/Pipeline/Pipeline.php(209): Illuminate\\Session\\Middleware\\StartSession->handle()
#29 /www/wwwroot/relawan.kenalipaslon.online/vendor/laravel/framework/src/Illuminate/Cookie/Middleware/AddQueuedCookiesToResponse.php(37): Illuminate\\Pipeline\\Pipeline->Illuminate\\Pipeline\\{closure}()
#30 /www/wwwroot/relawan.kenalipaslon.online/vendor/laravel/framework/src/Illuminate/Pipeline/Pipeline.php(209): Illuminate\\Cookie\\Middleware\\AddQueuedCookiesToResponse->handle()
#31 /www/wwwroot/relawan.kenalipaslon.online/vendor/laravel/framework/src/Illuminate/Cookie/Middleware/EncryptCookies.php(75): Illuminate\\Pipeline\\Pipeline->Illuminate\\Pipeline\\{closure}()
#32 /www/wwwroot/relawan.kenalipaslon.online/vendor/laravel/framework/src/Illuminate/Pipeline/Pipeline.php(209): Illuminate\\Cookie\\Middleware\\EncryptCookies->handle()
#33 /www/wwwroot/relawan.kenalipaslon.online/vendor/laravel/framework/src/Illuminate/Pipeline/Pipeline.php(127): Illuminate\\Pipeline\\Pipeline->Illuminate\\Pipeline\\{closure}()
#34 /www/wwwroot/relawan.kenalipaslon.online/vendor/laravel/framework/src/Illuminate/Routing/Router.php(807): Illuminate\\Pipeline\\Pipeline->then()
#35 /www/wwwroot/relawan.kenalipaslon.online/vendor/laravel/framework/src/Illuminate/Routing/Router.php(786): Illuminate\\Routing\\Router->runRouteWithinStack()
#36 /www/wwwroot/relawan.kenalipaslon.online/vendor/laravel/framework/src/Illuminate/Routing/Router.php(750): Illuminate\\Routing\\Router->runRoute()
#37 /www/wwwroot/relawan.kenalipaslon.online/vendor/laravel/framework/src/Illuminate/Routing/Router.php(739): Illuminate\\Routing\\Router->dispatchToRoute()
#38 /www/wwwroot/relawan.kenalipaslon.online/vendor/laravel/framework/src/Illuminate/Foundation/Http/Kernel.php(201): Illuminate\\Routing\\Router->dispatch()
#39 /www/wwwroot/relawan.kenalipaslon.online/vendor/laravel/framework/src/Illuminate/Pipeline/Pipeline.php(170): Illuminate\\Foundation\\Http\\Kernel->Illuminate\\Foundation\\Http\\{closure}()
#40 /www/wwwroot/relawan.kenalipaslon.online/vendor/laravel/framework/src/Illuminate/Foundation/Http/Middleware/TransformsRequest.php(21): Illuminate\\Pipeline\\Pipeline->Illuminate\\Pipeline\\{closure}()
#41 /www/wwwroot/relawan.kenalipaslon.online/vendor/laravel/framework/src/Illuminate/Foundation/Http/Middleware/ConvertEmptyStringsToNull.php(31): Illuminate\\Foundation\\Http\\Middleware\\TransformsRequest->handle()
#42 /www/wwwroot/relawan.kenalipaslon.online/vendor/laravel/framework/src/Illuminate/Pipeline/Pipeline.php(209): Illuminate\\Foundation\\Http\\Middleware\\ConvertEmptyStringsToNull->handle()
#43 /www/wwwroot/relawan.kenalipaslon.online/vendor/laravel/framework/src/Illuminate/Foundation/Http/Middleware/TransformsRequest.php(21): Illuminate\\Pipeline\\Pipeline->Illuminate\\Pipeline\\{closure}()
#44 /www/wwwroot/relawan.kenalipaslon.online/vendor/laravel/framework/src/Illuminate/Foundation/Http/Middleware/TrimStrings.php(51): Illuminate\\Foundation\\Http\\Middleware\\TransformsRequest->handle()
#45 /www/wwwroot/relawan.kenalipaslon.online/vendor/laravel/framework/src/Illuminate/Pipeline/Pipeline.php(209): Illuminate\\Foundation\\Http\\Middleware\\TrimStrings->handle()
#46 /www/wwwroot/relawan.kenalipaslon.online/vendor/laravel/framework/src/Illuminate/Http/Middleware/ValidatePostSize.php(27): Illuminate\\Pipeline\\Pipeline->Illuminate\\Pipeline\\{closure}()
#47 /www/wwwroot/relawan.kenalipaslon.online/vendor/laravel/framework/src/Illuminate/Pipeline/Pipeline.php(209): Illuminate\\Http\\Middleware\\ValidatePostSize->handle()
#48 /www/wwwroot/relawan.kenalipaslon.online/vendor/laravel/framework/src/Illuminate/Foundation/Http/Middleware/PreventRequestsDuringMaintenance.php(110): Illuminate\\Pipeline\\Pipeline->Illuminate\\Pipeline\\{closure}()
#49 /www/wwwroot/relawan.kenalipaslon.online/vendor/laravel/framework/src/Illuminate/Pipeline/Pipeline.php(209): Illuminate\\Foundation\\Http\\Middleware\\PreventRequestsDuringMaintenance->handle()
#50 /www/wwwroot/relawan.kenalipaslon.online/vendor/laravel/framework/src/Illuminate/Http/Middleware/HandleCors.php(62): Illuminate\\Pipeline\\Pipeline->Illuminate\\Pipeline\\{closure}()
#51 /www/wwwroot/relawan.kenalipaslon.online/vendor/laravel/framework/src/Illuminate/Pipeline/Pipeline.php(209): Illuminate\\Http\\Middleware\\HandleCors->handle()
#52 /www/wwwroot/relawan.kenalipaslon.online/vendor/laravel/framework/src/Illuminate/Http/Middleware/TrustProxies.php(58): Illuminate\\Pipeline\\Pipeline->Illuminate\\Pipeline\\{closure}()
#53 /www/wwwroot/relawan.kenalipaslon.online/vendor/laravel/framework/src/Illuminate/Pipeline/Pipeline.php(209): Illuminate\\Http\\Middleware\\TrustProxies->handle()
#54 /www/wwwroot/relawan.kenalipaslon.online/vendor/laravel/framework/src/Illuminate/Foundation/Http/Middleware/InvokeDeferredCallbacks.php(22): Illuminate\\Pipeline\\Pipeline->Illuminate\\Pipeline\\{closure}()
#55 /www/wwwroot/relawan.kenalipaslon.online/vendor/laravel/framework/src/Illuminate/Pipeline/Pipeline.php(209): Illuminate\\Foundation\\Http\\Middleware\\InvokeDeferredCallbacks->handle()
#56 /www/wwwroot/relawan.kenalipaslon.online/vendor/laravel/framework/src/Illuminate/Pipeline/Pipeline.php(127): Illuminate\\Pipeline\\Pipeline->Illuminate\\Pipeline\\{closure}()
#57 /www/wwwroot/relawan.kenalipaslon.online/vendor/laravel/framework/src/Illuminate/Foundation/Http/Kernel.php(176): Illuminate\\Pipeline\\Pipeline->then()
#58 /www/wwwroot/relawan.kenalipaslon.online/vendor/laravel/framework/src/Illuminate/Foundation/Http/Kernel.php(145): Illuminate\\Foundation\\Http\\Kernel->sendRequestThroughRouter()
#59 /www/wwwroot/relawan.kenalipaslon.online/vendor/laravel/framework/src/Illuminate/Foundation/Application.php(1220): Illuminate\\Foundation\\Http\\Kernel->handle()
#60 /www/wwwroot/relawan.kenalipaslon.online/public/index.php(17): Illuminate\\Foundation\\Application->handleRequest()
#61 {main}
"} 
[2025-08-12 22:50:00] local.INFO: Auth check {"session_id":"vCEiRRCv072k6byHJo3qA2cO5iJCKXyqNYWzcSTc","session_volunteer_id":3,"auth_authenticated":false,"auth_user_id":"0811945222","found_volunteer":3} 
[2025-08-12 22:50:01] local.INFO: Auth check {"session_id":"vCEiRRCv072k6byHJo3qA2cO5iJCKXyqNYWzcSTc","session_volunteer_id":3,"auth_authenticated":false,"auth_user_id":"0811945222","found_volunteer":3} 
[2025-08-12 22:50:01] local.ERROR: Class "finfo" not found {"userId":"0811945222","exception":"[object] (Error(code: 0): Class \"finfo\" not found at /www/wwwroot/relawan.kenalipaslon.online/vendor/league/mime-type-detection/src/FinfoMimeTypeDetector.php:48)
[stacktrace]
#0 /www/wwwroot/relawan.kenalipaslon.online/vendor/league/flysystem-local/LocalFilesystemAdapter.php(86): League\\MimeTypeDetection\\FinfoMimeTypeDetector->__construct()
#1 /www/wwwroot/relawan.kenalipaslon.online/vendor/laravel/framework/src/Illuminate/Filesystem/FilesystemManager.php(184): League\\Flysystem\\Local\\LocalFilesystemAdapter->__construct()
#2 /www/wwwroot/relawan.kenalipaslon.online/vendor/laravel/framework/src/Illuminate/Filesystem/FilesystemManager.php(152): Illuminate\\Filesystem\\FilesystemManager->createLocalDriver()
#3 /www/wwwroot/relawan.kenalipaslon.online/vendor/laravel/framework/src/Illuminate/Filesystem/FilesystemManager.php(120): Illuminate\\Filesystem\\FilesystemManager->resolve()
#4 /www/wwwroot/relawan.kenalipaslon.online/vendor/laravel/framework/src/Illuminate/Filesystem/FilesystemManager.php(83): Illuminate\\Filesystem\\FilesystemManager->get()
#5 /www/wwwroot/relawan.kenalipaslon.online/vendor/laravel/framework/src/Illuminate/Filesystem/FilesystemManager.php(450): Illuminate\\Filesystem\\FilesystemManager->disk()
#6 /www/wwwroot/relawan.kenalipaslon.online/vendor/laravel/framework/src/Illuminate/Support/Facades/Facade.php(361): Illuminate\\Filesystem\\FilesystemManager->__call()
#7 /www/wwwroot/relawan.kenalipaslon.online/app/Http/Controllers/FieldRecordController.php(38): Illuminate\\Support\\Facades\\Facade::__callStatic()
#8 [internal function]: App\\Http\\Controllers\\FieldRecordController->App\\Http\\Controllers\\{closure}()
#9 /www/wwwroot/relawan.kenalipaslon.online/vendor/laravel/framework/src/Illuminate/Collections/Arr.php(609): array_map()
#10 /www/wwwroot/relawan.kenalipaslon.online/vendor/laravel/framework/src/Illuminate/Collections/Collection.php(799): Illuminate\\Support\\Arr::map()
#11 /www/wwwroot/relawan.kenalipaslon.online/vendor/laravel/framework/src/Illuminate/Database/Eloquent/Collection.php(388): Illuminate\\Support\\Collection->map()
#12 /www/wwwroot/relawan.kenalipaslon.online/app/Http/Controllers/FieldRecordController.php(29): Illuminate\\Database\\Eloquent\\Collection->map()
#13 /www/wwwroot/relawan.kenalipaslon.online/vendor/laravel/framework/src/Illuminate/Routing/ControllerDispatcher.php(47): App\\Http\\Controllers\\FieldRecordController->index()
#14 /www/wwwroot/relawan.kenalipaslon.online/vendor/laravel/framework/src/Illuminate/Routing/Route.php(266): Illuminate\\Routing\\ControllerDispatcher->dispatch()
#15 /www/wwwroot/relawan.kenalipaslon.online/vendor/laravel/framework/src/Illuminate/Routing/Route.php(212): Illuminate\\Routing\\Route->runController()
#16 /www/wwwroot/relawan.kenalipaslon.online/vendor/laravel/framework/src/Illuminate/Routing/Router.php(808): Illuminate\\Routing\\Route->run()
#17 /www/wwwroot/relawan.kenalipaslon.online/vendor/laravel/framework/src/Illuminate/Pipeline/Pipeline.php(170): Illuminate\\Routing\\Router->Illuminate\\Routing\\{closure}()
#18 /www/wwwroot/relawan.kenalipaslon.online/app/Http/Middleware/VolunteerAuth.php(48): Illuminate\\Pipeline\\Pipeline->Illuminate\\Pipeline\\{closure}()
#19 /www/wwwroot/relawan.kenalipaslon.online/vendor/laravel/framework/src/Illuminate/Pipeline/Pipeline.php(209): App\\Http\\Middleware\\VolunteerAuth->handle()
#20 /www/wwwroot/relawan.kenalipaslon.online/vendor/laravel/framework/src/Illuminate/Routing/Middleware/SubstituteBindings.php(51): Illuminate\\Pipeline\\Pipeline->Illuminate\\Pipeline\\{closure}()
#21 /www/wwwroot/relawan.kenalipaslon.online/vendor/laravel/framework/src/Illuminate/Pipeline/Pipeline.php(209): Illuminate\\Routing\\Middleware\\SubstituteBindings->handle()
#22 /www/wwwroot/relawan.kenalipaslon.online/vendor/laravel/framework/src/Illuminate/Foundation/Http/Middleware/VerifyCsrfToken.php(88): Illuminate\\Pipeline\\Pipeline->Illuminate\\Pipeline\\{closure}()
#23 /www/wwwroot/relawan.kenalipaslon.online/vendor/laravel/framework/src/Illuminate/Pipeline/Pipeline.php(209): Illuminate\\Foundation\\Http\\Middleware\\VerifyCsrfToken->handle()
#24 /www/wwwroot/relawan.kenalipaslon.online/vendor/laravel/framework/src/Illuminate/View/Middleware/ShareErrorsFromSession.php(49): Illuminate\\Pipeline\\Pipeline->Illuminate\\Pipeline\\{closure}()
#25 /www/wwwroot/relawan.kenalipaslon.online/vendor/laravel/framework/src/Illuminate/Pipeline/Pipeline.php(209): Illuminate\\View\\Middleware\\ShareErrorsFromSession->handle()
#26 /www/wwwroot/relawan.kenalipaslon.online/vendor/laravel/framework/src/Illuminate/Session/Middleware/StartSession.php(121): Illuminate\\Pipeline\\Pipeline->Illuminate\\Pipeline\\{closure}()
#27 /www/wwwroot/relawan.kenalipaslon.online/vendor/laravel/framework/src/Illuminate/Session/Middleware/StartSession.php(64): Illuminate\\Session\\Middleware\\StartSession->handleStatefulRequest()
#28 /www/wwwroot/relawan.kenalipaslon.online/vendor/laravel/framework/src/Illuminate/Pipeline/Pipeline.php(209): Illuminate\\Session\\Middleware\\StartSession->handle()
#29 /www/wwwroot/relawan.kenalipaslon.online/vendor/laravel/framework/src/Illuminate/Cookie/Middleware/AddQueuedCookiesToResponse.php(37): Illuminate\\Pipeline\\Pipeline->Illuminate\\Pipeline\\{closure}()
#30 /www/wwwroot/relawan.kenalipaslon.online/vendor/laravel/framework/src/Illuminate/Pipeline/Pipeline.php(209): Illuminate\\Cookie\\Middleware\\AddQueuedCookiesToResponse->handle()
#31 /www/wwwroot/relawan.kenalipaslon.online/vendor/laravel/framework/src/Illuminate/Cookie/Middleware/EncryptCookies.php(75): Illuminate\\Pipeline\\Pipeline->Illuminate\\Pipeline\\{closure}()
#32 /www/wwwroot/relawan.kenalipaslon.online/vendor/laravel/framework/src/Illuminate/Pipeline/Pipeline.php(209): Illuminate\\Cookie\\Middleware\\EncryptCookies->handle()
#33 /www/wwwroot/relawan.kenalipaslon.online/vendor/laravel/framework/src/Illuminate/Pipeline/Pipeline.php(127): Illuminate\\Pipeline\\Pipeline->Illuminate\\Pipeline\\{closure}()
#34 /www/wwwroot/relawan.kenalipaslon.online/vendor/laravel/framework/src/Illuminate/Routing/Router.php(807): Illuminate\\Pipeline\\Pipeline->then()
#35 /www/wwwroot/relawan.kenalipaslon.online/vendor/laravel/framework/src/Illuminate/Routing/Router.php(786): Illuminate\\Routing\\Router->runRouteWithinStack()
#36 /www/wwwroot/relawan.kenalipaslon.online/vendor/laravel/framework/src/Illuminate/Routing/Router.php(750): Illuminate\\Routing\\Router->runRoute()
#37 /www/wwwroot/relawan.kenalipaslon.online/vendor/laravel/framework/src/Illuminate/Routing/Router.php(739): Illuminate\\Routing\\Router->dispatchToRoute()
#38 /www/wwwroot/relawan.kenalipaslon.online/vendor/laravel/framework/src/Illuminate/Foundation/Http/Kernel.php(201): Illuminate\\Routing\\Router->dispatch()
#39 /www/wwwroot/relawan.kenalipaslon.online/vendor/laravel/framework/src/Illuminate/Pipeline/Pipeline.php(170): Illuminate\\Foundation\\Http\\Kernel->Illuminate\\Foundation\\Http\\{closure}()
#40 /www/wwwroot/relawan.kenalipaslon.online/vendor/laravel/framework/src/Illuminate/Foundation/Http/Middleware/TransformsRequest.php(21): Illuminate\\Pipeline\\Pipeline->Illuminate\\Pipeline\\{closure}()
#41 /www/wwwroot/relawan.kenalipaslon.online/vendor/laravel/framework/src/Illuminate/Foundation/Http/Middleware/ConvertEmptyStringsToNull.php(31): Illuminate\\Foundation\\Http\\Middleware\\TransformsRequest->handle()
#42 /www/wwwroot/relawan.kenalipaslon.online/vendor/laravel/framework/src/Illuminate/Pipeline/Pipeline.php(209): Illuminate\\Foundation\\Http\\Middleware\\ConvertEmptyStringsToNull->handle()
#43 /www/wwwroot/relawan.kenalipaslon.online/vendor/laravel/framework/src/Illuminate/Foundation/Http/Middleware/TransformsRequest.php(21): Illuminate\\Pipeline\\Pipeline->Illuminate\\Pipeline\\{closure}()
#44 /www/wwwroot/relawan.kenalipaslon.online/vendor/laravel/framework/src/Illuminate/Foundation/Http/Middleware/TrimStrings.php(51): Illuminate\\Foundation\\Http\\Middleware\\TransformsRequest->handle()
#45 /www/wwwroot/relawan.kenalipaslon.online/vendor/laravel/framework/src/Illuminate/Pipeline/Pipeline.php(209): Illuminate\\Foundation\\Http\\Middleware\\TrimStrings->handle()
#46 /www/wwwroot/relawan.kenalipaslon.online/vendor/laravel/framework/src/Illuminate/Http/Middleware/ValidatePostSize.php(27): Illuminate\\Pipeline\\Pipeline->Illuminate\\Pipeline\\{closure}()
#47 /www/wwwroot/relawan.kenalipaslon.online/vendor/laravel/framework/src/Illuminate/Pipeline/Pipeline.php(209): Illuminate\\Http\\Middleware\\ValidatePostSize->handle()
#48 /www/wwwroot/relawan.kenalipaslon.online/vendor/laravel/framework/src/Illuminate/Foundation/Http/Middleware/PreventRequestsDuringMaintenance.php(110): Illuminate\\Pipeline\\Pipeline->Illuminate\\Pipeline\\{closure}()
#49 /www/wwwroot/relawan.kenalipaslon.online/vendor/laravel/framework/src/Illuminate/Pipeline/Pipeline.php(209): Illuminate\\Foundation\\Http\\Middleware\\PreventRequestsDuringMaintenance->handle()
#50 /www/wwwroot/relawan.kenalipaslon.online/vendor/laravel/framework/src/Illuminate/Http/Middleware/HandleCors.php(62): Illuminate\\Pipeline\\Pipeline->Illuminate\\Pipeline\\{closure}()
#51 /www/wwwroot/relawan.kenalipaslon.online/vendor/laravel/framework/src/Illuminate/Pipeline/Pipeline.php(209): Illuminate\\Http\\Middleware\\HandleCors->handle()
#52 /www/wwwroot/relawan.kenalipaslon.online/vendor/laravel/framework/src/Illuminate/Http/Middleware/TrustProxies.php(58): Illuminate\\Pipeline\\Pipeline->Illuminate\\Pipeline\\{closure}()
#53 /www/wwwroot/relawan.kenalipaslon.online/vendor/laravel/framework/src/Illuminate/Pipeline/Pipeline.php(209): Illuminate\\Http\\Middleware\\TrustProxies->handle()
#54 /www/wwwroot/relawan.kenalipaslon.online/vendor/laravel/framework/src/Illuminate/Foundation/Http/Middleware/InvokeDeferredCallbacks.php(22): Illuminate\\Pipeline\\Pipeline->Illuminate\\Pipeline\\{closure}()
#55 /www/wwwroot/relawan.kenalipaslon.online/vendor/laravel/framework/src/Illuminate/Pipeline/Pipeline.php(209): Illuminate\\Foundation\\Http\\Middleware\\InvokeDeferredCallbacks->handle()
#56 /www/wwwroot/relawan.kenalipaslon.online/vendor/laravel/framework/src/Illuminate/Pipeline/Pipeline.php(127): Illuminate\\Pipeline\\Pipeline->Illuminate\\Pipeline\\{closure}()
#57 /www/wwwroot/relawan.kenalipaslon.online/vendor/laravel/framework/src/Illuminate/Foundation/Http/Kernel.php(176): Illuminate\\Pipeline\\Pipeline->then()
#58 /www/wwwroot/relawan.kenalipaslon.online/vendor/laravel/framework/src/Illuminate/Foundation/Http/Kernel.php(145): Illuminate\\Foundation\\Http\\Kernel->sendRequestThroughRouter()
#59 /www/wwwroot/relawan.kenalipaslon.online/vendor/laravel/framework/src/Illuminate/Foundation/Application.php(1220): Illuminate\\Foundation\\Http\\Kernel->handle()
#60 /www/wwwroot/relawan.kenalipaslon.online/public/index.php(17): Illuminate\\Foundation\\Application->handleRequest()
#61 {main}
"} 
[2025-08-12 22:53:58] local.INFO: Auth check {"session_id":"vCEiRRCv072k6byHJo3qA2cO5iJCKXyqNYWzcSTc","session_volunteer_id":3,"auth_authenticated":false,"auth_user_id":"0811945222","found_volunteer":3} 
[2025-08-12 22:53:59] local.INFO: Auth check {"session_id":"vCEiRRCv072k6byHJo3qA2cO5iJCKXyqNYWzcSTc","session_volunteer_id":3,"auth_authenticated":false,"auth_user_id":"0811945222","found_volunteer":3} 
[2025-08-12 22:54:04] local.INFO: Auth check {"session_id":"vCEiRRCv072k6byHJo3qA2cO5iJCKXyqNYWzcSTc","session_volunteer_id":3,"auth_authenticated":false,"auth_user_id":"0811945222","found_volunteer":3} 
[2025-08-12 22:54:12] local.INFO: Auth check {"session_id":"vCEiRRCv072k6byHJo3qA2cO5iJCKXyqNYWzcSTc","session_volunteer_id":3,"auth_authenticated":false,"auth_user_id":"0811945222","found_volunteer":3} 
[2025-08-12 22:54:36] local.ERROR: Unable to guess the MIME type as no guessers are available (have you enabled the php_fileinfo extension?). {"userId":"0811945222","exception":"[object] (Symfony\\Component\\Mime\\Exception\\LogicException(code: 0): Unable to guess the MIME type as no guessers are available (have you enabled the php_fileinfo extension?). at /www/wwwroot/relawan.kenalipaslon.online/vendor/symfony/mime/MimeTypes.php:129)
[stacktrace]
#0 /www/wwwroot/relawan.kenalipaslon.online/vendor/symfony/http-foundation/File/File.php(77): Symfony\\Component\\Mime\\MimeTypes->guessMimeType()
#1 /www/wwwroot/relawan.kenalipaslon.online/vendor/symfony/http-foundation/File/File.php(59): Symfony\\Component\\HttpFoundation\\File\\File->getMimeType()
#2 /www/wwwroot/relawan.kenalipaslon.online/vendor/laravel/framework/src/Illuminate/Validation/Concerns/ValidatesAttributes.php(1589): Symfony\\Component\\HttpFoundation\\File\\File->guessExtension()
#3 /www/wwwroot/relawan.kenalipaslon.online/vendor/laravel/framework/src/Illuminate/Validation/Concerns/ValidatesAttributes.php(1396): Illuminate\\Validation\\Validator->validateMimes()
#4 /www/wwwroot/relawan.kenalipaslon.online/vendor/laravel/framework/src/Illuminate/Validation/Validator.php(686): Illuminate\\Validation\\Validator->validateImage()
#5 /www/wwwroot/relawan.kenalipaslon.online/vendor/laravel/framework/src/Illuminate/Validation/Validator.php(481): Illuminate\\Validation\\Validator->validateAttribute()
#6 /www/wwwroot/relawan.kenalipaslon.online/vendor/laravel/framework/src/Illuminate/Validation/Validator.php(516): Illuminate\\Validation\\Validator->passes()
#7 /www/wwwroot/relawan.kenalipaslon.online/vendor/laravel/framework/src/Illuminate/Validation/Validator.php(558): Illuminate\\Validation\\Validator->fails()
#8 /www/wwwroot/relawan.kenalipaslon.online/vendor/laravel/framework/src/Illuminate/Foundation/Providers/FoundationServiceProvider.php(155): Illuminate\\Validation\\Validator->validate()
#9 /www/wwwroot/relawan.kenalipaslon.online/vendor/laravel/framework/src/Illuminate/Macroable/Traits/Macroable.php(126): Illuminate\\Http\\Request->Illuminate\\Foundation\\Providers\\{closure}()
#10 /www/wwwroot/relawan.kenalipaslon.online/app/Http/Controllers/FieldRecordController.php(46): Illuminate\\Http\\Request->__call()
#11 /www/wwwroot/relawan.kenalipaslon.online/vendor/laravel/framework/src/Illuminate/Routing/ControllerDispatcher.php(47): App\\Http\\Controllers\\FieldRecordController->store()
#12 /www/wwwroot/relawan.kenalipaslon.online/vendor/laravel/framework/src/Illuminate/Routing/Route.php(266): Illuminate\\Routing\\ControllerDispatcher->dispatch()
#13 /www/wwwroot/relawan.kenalipaslon.online/vendor/laravel/framework/src/Illuminate/Routing/Route.php(212): Illuminate\\Routing\\Route->runController()
#14 /www/wwwroot/relawan.kenalipaslon.online/vendor/laravel/framework/src/Illuminate/Routing/Router.php(808): Illuminate\\Routing\\Route->run()
#15 /www/wwwroot/relawan.kenalipaslon.online/vendor/laravel/framework/src/Illuminate/Pipeline/Pipeline.php(170): Illuminate\\Routing\\Router->Illuminate\\Routing\\{closure}()
#16 /www/wwwroot/relawan.kenalipaslon.online/app/Http/Middleware/VolunteerAuth.php(48): Illuminate\\Pipeline\\Pipeline->Illuminate\\Pipeline\\{closure}()
#17 /www/wwwroot/relawan.kenalipaslon.online/vendor/laravel/framework/src/Illuminate/Pipeline/Pipeline.php(209): App\\Http\\Middleware\\VolunteerAuth->handle()
#18 /www/wwwroot/relawan.kenalipaslon.online/vendor/laravel/framework/src/Illuminate/Routing/Middleware/SubstituteBindings.php(51): Illuminate\\Pipeline\\Pipeline->Illuminate\\Pipeline\\{closure}()
#19 /www/wwwroot/relawan.kenalipaslon.online/vendor/laravel/framework/src/Illuminate/Pipeline/Pipeline.php(209): Illuminate\\Routing\\Middleware\\SubstituteBindings->handle()
#20 /www/wwwroot/relawan.kenalipaslon.online/vendor/laravel/framework/src/Illuminate/Foundation/Http/Middleware/VerifyCsrfToken.php(88): Illuminate\\Pipeline\\Pipeline->Illuminate\\Pipeline\\{closure}()
#21 /www/wwwroot/relawan.kenalipaslon.online/vendor/laravel/framework/src/Illuminate/Pipeline/Pipeline.php(209): Illuminate\\Foundation\\Http\\Middleware\\VerifyCsrfToken->handle()
#22 /www/wwwroot/relawan.kenalipaslon.online/vendor/laravel/framework/src/Illuminate/View/Middleware/ShareErrorsFromSession.php(49): Illuminate\\Pipeline\\Pipeline->Illuminate\\Pipeline\\{closure}()
#23 /www/wwwroot/relawan.kenalipaslon.online/vendor/laravel/framework/src/Illuminate/Pipeline/Pipeline.php(209): Illuminate\\View\\Middleware\\ShareErrorsFromSession->handle()
#24 /www/wwwroot/relawan.kenalipaslon.online/vendor/laravel/framework/src/Illuminate/Session/Middleware/StartSession.php(121): Illuminate\\Pipeline\\Pipeline->Illuminate\\Pipeline\\{closure}()
#25 /www/wwwroot/relawan.kenalipaslon.online/vendor/laravel/framework/src/Illuminate/Session/Middleware/StartSession.php(64): Illuminate\\Session\\Middleware\\StartSession->handleStatefulRequest()
#26 /www/wwwroot/relawan.kenalipaslon.online/vendor/laravel/framework/src/Illuminate/Pipeline/Pipeline.php(209): Illuminate\\Session\\Middleware\\StartSession->handle()
#27 /www/wwwroot/relawan.kenalipaslon.online/vendor/laravel/framework/src/Illuminate/Cookie/Middleware/AddQueuedCookiesToResponse.php(37): Illuminate\\Pipeline\\Pipeline->Illuminate\\Pipeline\\{closure}()
#28 /www/wwwroot/relawan.kenalipaslon.online/vendor/laravel/framework/src/Illuminate/Pipeline/Pipeline.php(209): Illuminate\\Cookie\\Middleware\\AddQueuedCookiesToResponse->handle()
#29 /www/wwwroot/relawan.kenalipaslon.online/vendor/laravel/framework/src/Illuminate/Cookie/Middleware/EncryptCookies.php(75): Illuminate\\Pipeline\\Pipeline->Illuminate\\Pipeline\\{closure}()
#30 /www/wwwroot/relawan.kenalipaslon.online/vendor/laravel/framework/src/Illuminate/Pipeline/Pipeline.php(209): Illuminate\\Cookie\\Middleware\\EncryptCookies->handle()
#31 /www/wwwroot/relawan.kenalipaslon.online/vendor/laravel/framework/src/Illuminate/Pipeline/Pipeline.php(127): Illuminate\\Pipeline\\Pipeline->Illuminate\\Pipeline\\{closure}()
#32 /www/wwwroot/relawan.kenalipaslon.online/vendor/laravel/framework/src/Illuminate/Routing/Router.php(807): Illuminate\\Pipeline\\Pipeline->then()
#33 /www/wwwroot/relawan.kenalipaslon.online/vendor/laravel/framework/src/Illuminate/Routing/Router.php(786): Illuminate\\Routing\\Router->runRouteWithinStack()
#34 /www/wwwroot/relawan.kenalipaslon.online/vendor/laravel/framework/src/Illuminate/Routing/Router.php(750): Illuminate\\Routing\\Router->runRoute()
#35 /www/wwwroot/relawan.kenalipaslon.online/vendor/laravel/framework/src/Illuminate/Routing/Router.php(739): Illuminate\\Routing\\Router->dispatchToRoute()
#36 /www/wwwroot/relawan.kenalipaslon.online/vendor/laravel/framework/src/Illuminate/Foundation/Http/Kernel.php(201): Illuminate\\Routing\\Router->dispatch()
#37 /www/wwwroot/relawan.kenalipaslon.online/vendor/laravel/framework/src/Illuminate/Pipeline/Pipeline.php(170): Illuminate\\Foundation\\Http\\Kernel->Illuminate\\Foundation\\Http\\{closure}()
#38 /www/wwwroot/relawan.kenalipaslon.online/vendor/laravel/framework/src/Illuminate/Foundation/Http/Middleware/TransformsRequest.php(21): Illuminate\\Pipeline\\Pipeline->Illuminate\\Pipeline\\{closure}()
#39 /www/wwwroot/relawan.kenalipaslon.online/vendor/laravel/framework/src/Illuminate/Foundation/Http/Middleware/ConvertEmptyStringsToNull.php(31): Illuminate\\Foundation\\Http\\Middleware\\TransformsRequest->handle()
#40 /www/wwwroot/relawan.kenalipaslon.online/vendor/laravel/framework/src/Illuminate/Pipeline/Pipeline.php(209): Illuminate\\Foundation\\Http\\Middleware\\ConvertEmptyStringsToNull->handle()
#41 /www/wwwroot/relawan.kenalipaslon.online/vendor/laravel/framework/src/Illuminate/Foundation/Http/Middleware/TransformsRequest.php(21): Illuminate\\Pipeline\\Pipeline->Illuminate\\Pipeline\\{closure}()
#42 /www/wwwroot/relawan.kenalipaslon.online/vendor/laravel/framework/src/Illuminate/Foundation/Http/Middleware/TrimStrings.php(51): Illuminate\\Foundation\\Http\\Middleware\\TransformsRequest->handle()
#43 /www/wwwroot/relawan.kenalipaslon.online/vendor/laravel/framework/src/Illuminate/Pipeline/Pipeline.php(209): Illuminate\\Foundation\\Http\\Middleware\\TrimStrings->handle()
#44 /www/wwwroot/relawan.kenalipaslon.online/vendor/laravel/framework/src/Illuminate/Http/Middleware/ValidatePostSize.php(27): Illuminate\\Pipeline\\Pipeline->Illuminate\\Pipeline\\{closure}()
#45 /www/wwwroot/relawan.kenalipaslon.online/vendor/laravel/framework/src/Illuminate/Pipeline/Pipeline.php(209): Illuminate\\Http\\Middleware\\ValidatePostSize->handle()
#46 /www/wwwroot/relawan.kenalipaslon.online/vendor/laravel/framework/src/Illuminate/Foundation/Http/Middleware/PreventRequestsDuringMaintenance.php(110): Illuminate\\Pipeline\\Pipeline->Illuminate\\Pipeline\\{closure}()
#47 /www/wwwroot/relawan.kenalipaslon.online/vendor/laravel/framework/src/Illuminate/Pipeline/Pipeline.php(209): Illuminate\\Foundation\\Http\\Middleware\\PreventRequestsDuringMaintenance->handle()
#48 /www/wwwroot/relawan.kenalipaslon.online/vendor/laravel/framework/src/Illuminate/Http/Middleware/HandleCors.php(62): Illuminate\\Pipeline\\Pipeline->Illuminate\\Pipeline\\{closure}()
#49 /www/wwwroot/relawan.kenalipaslon.online/vendor/laravel/framework/src/Illuminate/Pipeline/Pipeline.php(209): Illuminate\\Http\\Middleware\\HandleCors->handle()
#50 /www/wwwroot/relawan.kenalipaslon.online/vendor/laravel/framework/src/Illuminate/Http/Middleware/TrustProxies.php(58): Illuminate\\Pipeline\\Pipeline->Illuminate\\Pipeline\\{closure}()
#51 /www/wwwroot/relawan.kenalipaslon.online/vendor/laravel/framework/src/Illuminate/Pipeline/Pipeline.php(209): Illuminate\\Http\\Middleware\\TrustProxies->handle()
#52 /www/wwwroot/relawan.kenalipaslon.online/vendor/laravel/framework/src/Illuminate/Foundation/Http/Middleware/InvokeDeferredCallbacks.php(22): Illuminate\\Pipeline\\Pipeline->Illuminate\\Pipeline\\{closure}()
#53 /www/wwwroot/relawan.kenalipaslon.online/vendor/laravel/framework/src/Illuminate/Pipeline/Pipeline.php(209): Illuminate\\Foundation\\Http\\Middleware\\InvokeDeferredCallbacks->handle()
#54 /www/wwwroot/relawan.kenalipaslon.online/vendor/laravel/framework/src/Illuminate/Pipeline/Pipeline.php(127): Illuminate\\Pipeline\\Pipeline->Illuminate\\Pipeline\\{closure}()
#55 /www/wwwroot/relawan.kenalipaslon.online/vendor/laravel/framework/src/Illuminate/Foundation/Http/Kernel.php(176): Illuminate\\Pipeline\\Pipeline->then()
#56 /www/wwwroot/relawan.kenalipaslon.online/vendor/laravel/framework/src/Illuminate/Foundation/Http/Kernel.php(145): Illuminate\\Foundation\\Http\\Kernel->sendRequestThroughRouter()
#57 /www/wwwroot/relawan.kenalipaslon.online/vendor/laravel/framework/src/Illuminate/Foundation/Application.php(1220): Illuminate\\Foundation\\Http\\Kernel->handle()
#58 /www/wwwroot/relawan.kenalipaslon.online/public/index.php(17): Illuminate\\Foundation\\Application->handleRequest()
#59 {main}
"} 
[2025-08-12 22:56:31] local.INFO: Auth check {"session_id":"vCEiRRCv072k6byHJo3qA2cO5iJCKXyqNYWzcSTc","session_volunteer_id":3,"auth_authenticated":false,"auth_user_id":"0811945222","found_volunteer":3} 
[2025-08-12 22:56:31] local.INFO: Auth check {"session_id":"vCEiRRCv072k6byHJo3qA2cO5iJCKXyqNYWzcSTc","session_volunteer_id":3,"auth_authenticated":false,"auth_user_id":"0811945222","found_volunteer":3} 
[2025-08-12 22:56:49] local.ERROR: Unable to guess the MIME type as no guessers are available (have you enabled the php_fileinfo extension?). {"userId":"0811945222","exception":"[object] (Symfony\\Component\\Mime\\Exception\\LogicException(code: 0): Unable to guess the MIME type as no guessers are available (have you enabled the php_fileinfo extension?). at /www/wwwroot/relawan.kenalipaslon.online/vendor/symfony/mime/MimeTypes.php:129)
[stacktrace]
#0 /www/wwwroot/relawan.kenalipaslon.online/vendor/symfony/http-foundation/File/File.php(77): Symfony\\Component\\Mime\\MimeTypes->guessMimeType()
#1 /www/wwwroot/relawan.kenalipaslon.online/vendor/symfony/http-foundation/File/File.php(59): Symfony\\Component\\HttpFoundation\\File\\File->getMimeType()
#2 /www/wwwroot/relawan.kenalipaslon.online/vendor/laravel/framework/src/Illuminate/Validation/Concerns/ValidatesAttributes.php(1589): Symfony\\Component\\HttpFoundation\\File\\File->guessExtension()
#3 /www/wwwroot/relawan.kenalipaslon.online/vendor/laravel/framework/src/Illuminate/Validation/Concerns/ValidatesAttributes.php(1396): Illuminate\\Validation\\Validator->validateMimes()
#4 /www/wwwroot/relawan.kenalipaslon.online/vendor/laravel/framework/src/Illuminate/Validation/Validator.php(686): Illuminate\\Validation\\Validator->validateImage()
#5 /www/wwwroot/relawan.kenalipaslon.online/vendor/laravel/framework/src/Illuminate/Validation/Validator.php(481): Illuminate\\Validation\\Validator->validateAttribute()
#6 /www/wwwroot/relawan.kenalipaslon.online/vendor/laravel/framework/src/Illuminate/Validation/Validator.php(516): Illuminate\\Validation\\Validator->passes()
#7 /www/wwwroot/relawan.kenalipaslon.online/vendor/laravel/framework/src/Illuminate/Validation/Validator.php(558): Illuminate\\Validation\\Validator->fails()
#8 /www/wwwroot/relawan.kenalipaslon.online/vendor/laravel/framework/src/Illuminate/Foundation/Providers/FoundationServiceProvider.php(155): Illuminate\\Validation\\Validator->validate()
#9 /www/wwwroot/relawan.kenalipaslon.online/vendor/laravel/framework/src/Illuminate/Macroable/Traits/Macroable.php(126): Illuminate\\Http\\Request->Illuminate\\Foundation\\Providers\\{closure}()
#10 /www/wwwroot/relawan.kenalipaslon.online/app/Http/Controllers/FieldRecordController.php(46): Illuminate\\Http\\Request->__call()
#11 /www/wwwroot/relawan.kenalipaslon.online/vendor/laravel/framework/src/Illuminate/Routing/ControllerDispatcher.php(47): App\\Http\\Controllers\\FieldRecordController->store()
#12 /www/wwwroot/relawan.kenalipaslon.online/vendor/laravel/framework/src/Illuminate/Routing/Route.php(266): Illuminate\\Routing\\ControllerDispatcher->dispatch()
#13 /www/wwwroot/relawan.kenalipaslon.online/vendor/laravel/framework/src/Illuminate/Routing/Route.php(212): Illuminate\\Routing\\Route->runController()
#14 /www/wwwroot/relawan.kenalipaslon.online/vendor/laravel/framework/src/Illuminate/Routing/Router.php(808): Illuminate\\Routing\\Route->run()
#15 /www/wwwroot/relawan.kenalipaslon.online/vendor/laravel/framework/src/Illuminate/Pipeline/Pipeline.php(170): Illuminate\\Routing\\Router->Illuminate\\Routing\\{closure}()
#16 /www/wwwroot/relawan.kenalipaslon.online/app/Http/Middleware/VolunteerAuth.php(48): Illuminate\\Pipeline\\Pipeline->Illuminate\\Pipeline\\{closure}()
#17 /www/wwwroot/relawan.kenalipaslon.online/vendor/laravel/framework/src/Illuminate/Pipeline/Pipeline.php(209): App\\Http\\Middleware\\VolunteerAuth->handle()
#18 /www/wwwroot/relawan.kenalipaslon.online/vendor/laravel/framework/src/Illuminate/Routing/Middleware/SubstituteBindings.php(51): Illuminate\\Pipeline\\Pipeline->Illuminate\\Pipeline\\{closure}()
#19 /www/wwwroot/relawan.kenalipaslon.online/vendor/laravel/framework/src/Illuminate/Pipeline/Pipeline.php(209): Illuminate\\Routing\\Middleware\\SubstituteBindings->handle()
#20 /www/wwwroot/relawan.kenalipaslon.online/vendor/laravel/framework/src/Illuminate/Foundation/Http/Middleware/VerifyCsrfToken.php(88): Illuminate\\Pipeline\\Pipeline->Illuminate\\Pipeline\\{closure}()
#21 /www/wwwroot/relawan.kenalipaslon.online/vendor/laravel/framework/src/Illuminate/Pipeline/Pipeline.php(209): Illuminate\\Foundation\\Http\\Middleware\\VerifyCsrfToken->handle()
#22 /www/wwwroot/relawan.kenalipaslon.online/vendor/laravel/framework/src/Illuminate/View/Middleware/ShareErrorsFromSession.php(49): Illuminate\\Pipeline\\Pipeline->Illuminate\\Pipeline\\{closure}()
#23 /www/wwwroot/relawan.kenalipaslon.online/vendor/laravel/framework/src/Illuminate/Pipeline/Pipeline.php(209): Illuminate\\View\\Middleware\\ShareErrorsFromSession->handle()
#24 /www/wwwroot/relawan.kenalipaslon.online/vendor/laravel/framework/src/Illuminate/Session/Middleware/StartSession.php(121): Illuminate\\Pipeline\\Pipeline->Illuminate\\Pipeline\\{closure}()
#25 /www/wwwroot/relawan.kenalipaslon.online/vendor/laravel/framework/src/Illuminate/Session/Middleware/StartSession.php(64): Illuminate\\Session\\Middleware\\StartSession->handleStatefulRequest()
#26 /www/wwwroot/relawan.kenalipaslon.online/vendor/laravel/framework/src/Illuminate/Pipeline/Pipeline.php(209): Illuminate\\Session\\Middleware\\StartSession->handle()
#27 /www/wwwroot/relawan.kenalipaslon.online/vendor/laravel/framework/src/Illuminate/Cookie/Middleware/AddQueuedCookiesToResponse.php(37): Illuminate\\Pipeline\\Pipeline->Illuminate\\Pipeline\\{closure}()
#28 /www/wwwroot/relawan.kenalipaslon.online/vendor/laravel/framework/src/Illuminate/Pipeline/Pipeline.php(209): Illuminate\\Cookie\\Middleware\\AddQueuedCookiesToResponse->handle()
#29 /www/wwwroot/relawan.kenalipaslon.online/vendor/laravel/framework/src/Illuminate/Cookie/Middleware/EncryptCookies.php(75): Illuminate\\Pipeline\\Pipeline->Illuminate\\Pipeline\\{closure}()
#30 /www/wwwroot/relawan.kenalipaslon.online/vendor/laravel/framework/src/Illuminate/Pipeline/Pipeline.php(209): Illuminate\\Cookie\\Middleware\\EncryptCookies->handle()
#31 /www/wwwroot/relawan.kenalipaslon.online/vendor/laravel/framework/src/Illuminate/Pipeline/Pipeline.php(127): Illuminate\\Pipeline\\Pipeline->Illuminate\\Pipeline\\{closure}()
#32 /www/wwwroot/relawan.kenalipaslon.online/vendor/laravel/framework/src/Illuminate/Routing/Router.php(807): Illuminate\\Pipeline\\Pipeline->then()
#33 /www/wwwroot/relawan.kenalipaslon.online/vendor/laravel/framework/src/Illuminate/Routing/Router.php(786): Illuminate\\Routing\\Router->runRouteWithinStack()
#34 /www/wwwroot/relawan.kenalipaslon.online/vendor/laravel/framework/src/Illuminate/Routing/Router.php(750): Illuminate\\Routing\\Router->runRoute()
#35 /www/wwwroot/relawan.kenalipaslon.online/vendor/laravel/framework/src/Illuminate/Routing/Router.php(739): Illuminate\\Routing\\Router->dispatchToRoute()
#36 /www/wwwroot/relawan.kenalipaslon.online/vendor/laravel/framework/src/Illuminate/Foundation/Http/Kernel.php(201): Illuminate\\Routing\\Router->dispatch()
#37 /www/wwwroot/relawan.kenalipaslon.online/vendor/laravel/framework/src/Illuminate/Pipeline/Pipeline.php(170): Illuminate\\Foundation\\Http\\Kernel->Illuminate\\Foundation\\Http\\{closure}()
#38 /www/wwwroot/relawan.kenalipaslon.online/vendor/laravel/framework/src/Illuminate/Foundation/Http/Middleware/TransformsRequest.php(21): Illuminate\\Pipeline\\Pipeline->Illuminate\\Pipeline\\{closure}()
#39 /www/wwwroot/relawan.kenalipaslon.online/vendor/laravel/framework/src/Illuminate/Foundation/Http/Middleware/ConvertEmptyStringsToNull.php(31): Illuminate\\Foundation\\Http\\Middleware\\TransformsRequest->handle()
#40 /www/wwwroot/relawan.kenalipaslon.online/vendor/laravel/framework/src/Illuminate/Pipeline/Pipeline.php(209): Illuminate\\Foundation\\Http\\Middleware\\ConvertEmptyStringsToNull->handle()
#41 /www/wwwroot/relawan.kenalipaslon.online/vendor/laravel/framework/src/Illuminate/Foundation/Http/Middleware/TransformsRequest.php(21): Illuminate\\Pipeline\\Pipeline->Illuminate\\Pipeline\\{closure}()
#42 /www/wwwroot/relawan.kenalipaslon.online/vendor/laravel/framework/src/Illuminate/Foundation/Http/Middleware/TrimStrings.php(51): Illuminate\\Foundation\\Http\\Middleware\\TransformsRequest->handle()
#43 /www/wwwroot/relawan.kenalipaslon.online/vendor/laravel/framework/src/Illuminate/Pipeline/Pipeline.php(209): Illuminate\\Foundation\\Http\\Middleware\\TrimStrings->handle()
#44 /www/wwwroot/relawan.kenalipaslon.online/vendor/laravel/framework/src/Illuminate/Http/Middleware/ValidatePostSize.php(27): Illuminate\\Pipeline\\Pipeline->Illuminate\\Pipeline\\{closure}()
#45 /www/wwwroot/relawan.kenalipaslon.online/vendor/laravel/framework/src/Illuminate/Pipeline/Pipeline.php(209): Illuminate\\Http\\Middleware\\ValidatePostSize->handle()
#46 /www/wwwroot/relawan.kenalipaslon.online/vendor/laravel/framework/src/Illuminate/Foundation/Http/Middleware/PreventRequestsDuringMaintenance.php(110): Illuminate\\Pipeline\\Pipeline->Illuminate\\Pipeline\\{closure}()
#47 /www/wwwroot/relawan.kenalipaslon.online/vendor/laravel/framework/src/Illuminate/Pipeline/Pipeline.php(209): Illuminate\\Foundation\\Http\\Middleware\\PreventRequestsDuringMaintenance->handle()
#48 /www/wwwroot/relawan.kenalipaslon.online/vendor/laravel/framework/src/Illuminate/Http/Middleware/HandleCors.php(62): Illuminate\\Pipeline\\Pipeline->Illuminate\\Pipeline\\{closure}()
#49 /www/wwwroot/relawan.kenalipaslon.online/vendor/laravel/framework/src/Illuminate/Pipeline/Pipeline.php(209): Illuminate\\Http\\Middleware\\HandleCors->handle()
#50 /www/wwwroot/relawan.kenalipaslon.online/vendor/laravel/framework/src/Illuminate/Http/Middleware/TrustProxies.php(58): Illuminate\\Pipeline\\Pipeline->Illuminate\\Pipeline\\{closure}()
#51 /www/wwwroot/relawan.kenalipaslon.online/vendor/laravel/framework/src/Illuminate/Pipeline/Pipeline.php(209): Illuminate\\Http\\Middleware\\TrustProxies->handle()
#52 /www/wwwroot/relawan.kenalipaslon.online/vendor/laravel/framework/src/Illuminate/Foundation/Http/Middleware/InvokeDeferredCallbacks.php(22): Illuminate\\Pipeline\\Pipeline->Illuminate\\Pipeline\\{closure}()
#53 /www/wwwroot/relawan.kenalipaslon.online/vendor/laravel/framework/src/Illuminate/Pipeline/Pipeline.php(209): Illuminate\\Foundation\\Http\\Middleware\\InvokeDeferredCallbacks->handle()
#54 /www/wwwroot/relawan.kenalipaslon.online/vendor/laravel/framework/src/Illuminate/Pipeline/Pipeline.php(127): Illuminate\\Pipeline\\Pipeline->Illuminate\\Pipeline\\{closure}()
#55 /www/wwwroot/relawan.kenalipaslon.online/vendor/laravel/framework/src/Illuminate/Foundation/Http/Kernel.php(176): Illuminate\\Pipeline\\Pipeline->then()
#56 /www/wwwroot/relawan.kenalipaslon.online/vendor/laravel/framework/src/Illuminate/Foundation/Http/Kernel.php(145): Illuminate\\Foundation\\Http\\Kernel->sendRequestThroughRouter()
#57 /www/wwwroot/relawan.kenalipaslon.online/vendor/laravel/framework/src/Illuminate/Foundation/Application.php(1220): Illuminate\\Foundation\\Http\\Kernel->handle()
#58 /www/wwwroot/relawan.kenalipaslon.online/public/index.php(17): Illuminate\\Foundation\\Application->handleRequest()
#59 {main}
"} 
[2025-08-12 22:57:30] local.INFO: Auth check {"session_id":"vCEiRRCv072k6byHJo3qA2cO5iJCKXyqNYWzcSTc","session_volunteer_id":3,"auth_authenticated":false,"auth_user_id":"0811945222","found_volunteer":3} 
[2025-08-12 22:57:31] local.INFO: Auth check {"session_id":"vCEiRRCv072k6byHJo3qA2cO5iJCKXyqNYWzcSTc","session_volunteer_id":3,"auth_authenticated":false,"auth_user_id":"0811945222","found_volunteer":3} 
[2025-08-12 22:58:49] local.INFO: Auth check {"session_id":"vCEiRRCv072k6byHJo3qA2cO5iJCKXyqNYWzcSTc","session_volunteer_id":3,"auth_authenticated":false,"auth_user_id":"0811945222","found_volunteer":3} 
[2025-08-13 00:16:47] local.INFO: Auth check {"session_id":"sSwoTqZoyf4YVbl9mqIFeIyEw6bg8pPsVKvW9ick","session_volunteer_id":null,"auth_authenticated":false,"auth_user_id":null,"found_volunteer":"none"} 
[2025-08-13 00:16:47] local.INFO: Auth check {"session_id":"sSwoTqZoyf4YVbl9mqIFeIyEw6bg8pPsVKvW9ick","session_volunteer_id":null,"auth_authenticated":false,"auth_user_id":null,"found_volunteer":"none"} 
[2025-08-13 00:16:49] local.INFO: Auth check {"session_id":"sSwoTqZoyf4YVbl9mqIFeIyEw6bg8pPsVKvW9ick","session_volunteer_id":null,"auth_authenticated":false,"auth_user_id":null,"found_volunteer":"none"} 
[2025-08-13 02:25:19] local.INFO: Auth check {"session_id":"nGNPNokrtxbewpEoA27mBuaqrKkoJuAwhHlBadDl","session_volunteer_id":null,"auth_authenticated":false,"auth_user_id":null,"found_volunteer":"none"} 
[2025-08-13 02:25:19] local.INFO: Auth check {"session_id":"Rgh1KDU6DELqKJLe7odEFPhSxNpB2R1QE3cjjHbl","session_volunteer_id":null,"auth_authenticated":false,"auth_user_id":null,"found_volunteer":"none"} 
[2025-08-13 02:25:19] local.INFO: Auth check {"session_id":"Rgh1KDU6DELqKJLe7odEFPhSxNpB2R1QE3cjjHbl","session_volunteer_id":null,"auth_authenticated":false,"auth_user_id":null,"found_volunteer":"none"} 
[2025-08-13 02:25:27] local.INFO: Auth check {"session_id":"Rgh1KDU6DELqKJLe7odEFPhSxNpB2R1QE3cjjHbl","session_volunteer_id":null,"auth_authenticated":false,"auth_user_id":null,"found_volunteer":"none"} 
[2025-08-13 02:25:28] local.INFO: Auth check {"session_id":"Rgh1KDU6DELqKJLe7odEFPhSxNpB2R1QE3cjjHbl","session_volunteer_id":null,"auth_authenticated":false,"auth_user_id":null,"found_volunteer":"none"} 
[2025-08-13 02:25:43] local.INFO: Login attempt {"phone_number":"0811945222","volunteer_found":"yes","password_match":"yes"} 
[2025-08-13 02:25:43] local.INFO: Login successful {"session_id":"SzbIwvLq8SMABwdgsbWX4UbvVnnMOb5FJpXLXekF","session_volunteer_id":3,"auth_authenticated":true,"auth_user_id":"0811945222"} 
[2025-08-13 02:25:43] local.INFO: Auth check {"session_id":"SzbIwvLq8SMABwdgsbWX4UbvVnnMOb5FJpXLXekF","session_volunteer_id":3,"auth_authenticated":false,"auth_user_id":"0811945222","found_volunteer":3} 
[2025-08-13 10:59:52] production.ERROR: Serialization of 'Illuminate\Http\UploadedFile' is not allowed {"userId":"0811945222","exception":"[object] (Exception(code: 0): Serialization of 'Illuminate\\Http\\UploadedFile' is not allowed at /www/wwwroot/relawan.kenalipaslon.online/app/Http/Controllers/FieldRecordController.php:50)
[stacktrace]
#0 /www/wwwroot/relawan.kenalipaslon.online/app/Http/Controllers/FieldRecordController.php(50): serialize()
#1 /www/wwwroot/relawan.kenalipaslon.online/vendor/laravel/framework/src/Illuminate/Routing/ControllerDispatcher.php(47): App\\Http\\Controllers\\FieldRecordController->store()
#2 /www/wwwroot/relawan.kenalipaslon.online/vendor/laravel/framework/src/Illuminate/Routing/Route.php(266): Illuminate\\Routing\\ControllerDispatcher->dispatch()
#3 /www/wwwroot/relawan.kenalipaslon.online/vendor/laravel/framework/src/Illuminate/Routing/Route.php(212): Illuminate\\Routing\\Route->runController()
#4 /www/wwwroot/relawan.kenalipaslon.online/vendor/laravel/framework/src/Illuminate/Routing/Router.php(808): Illuminate\\Routing\\Route->run()
#5 /www/wwwroot/relawan.kenalipaslon.online/vendor/laravel/framework/src/Illuminate/Pipeline/Pipeline.php(170): Illuminate\\Routing\\Router->Illuminate\\Routing\\{closure}()
#6 /www/wwwroot/relawan.kenalipaslon.online/app/Http/Middleware/VolunteerAuth.php(71): Illuminate\\Pipeline\\Pipeline->Illuminate\\Pipeline\\{closure}()
#7 /www/wwwroot/relawan.kenalipaslon.online/vendor/laravel/framework/src/Illuminate/Pipeline/Pipeline.php(209): App\\Http\\Middleware\\VolunteerAuth->handle()
#8 /www/wwwroot/relawan.kenalipaslon.online/vendor/laravel/framework/src/Illuminate/Routing/Middleware/SubstituteBindings.php(51): Illuminate\\Pipeline\\Pipeline->Illuminate\\Pipeline\\{closure}()
#9 /www/wwwroot/relawan.kenalipaslon.online/vendor/laravel/framework/src/Illuminate/Pipeline/Pipeline.php(209): Illuminate\\Routing\\Middleware\\SubstituteBindings->handle()
#10 /www/wwwroot/relawan.kenalipaslon.online/vendor/laravel/framework/src/Illuminate/Foundation/Http/Middleware/VerifyCsrfToken.php(88): Illuminate\\Pipeline\\Pipeline->Illuminate\\Pipeline\\{closure}()
#11 /www/wwwroot/relawan.kenalipaslon.online/vendor/laravel/framework/src/Illuminate/Pipeline/Pipeline.php(209): Illuminate\\Foundation\\Http\\Middleware\\VerifyCsrfToken->handle()
#12 /www/wwwroot/relawan.kenalipaslon.online/vendor/laravel/framework/src/Illuminate/View/Middleware/ShareErrorsFromSession.php(49): Illuminate\\Pipeline\\Pipeline->Illuminate\\Pipeline\\{closure}()
#13 /www/wwwroot/relawan.kenalipaslon.online/vendor/laravel/framework/src/Illuminate/Pipeline/Pipeline.php(209): Illuminate\\View\\Middleware\\ShareErrorsFromSession->handle()
#14 /www/wwwroot/relawan.kenalipaslon.online/vendor/laravel/framework/src/Illuminate/Session/Middleware/StartSession.php(121): Illuminate\\Pipeline\\Pipeline->Illuminate\\Pipeline\\{closure}()
#15 /www/wwwroot/relawan.kenalipaslon.online/vendor/laravel/framework/src/Illuminate/Session/Middleware/StartSession.php(64): Illuminate\\Session\\Middleware\\StartSession->handleStatefulRequest()
#16 /www/wwwroot/relawan.kenalipaslon.online/vendor/laravel/framework/src/Illuminate/Pipeline/Pipeline.php(209): Illuminate\\Session\\Middleware\\StartSession->handle()
#17 /www/wwwroot/relawan.kenalipaslon.online/vendor/laravel/framework/src/Illuminate/Cookie/Middleware/AddQueuedCookiesToResponse.php(37): Illuminate\\Pipeline\\Pipeline->Illuminate\\Pipeline\\{closure}()
#18 /www/wwwroot/relawan.kenalipaslon.online/vendor/laravel/framework/src/Illuminate/Pipeline/Pipeline.php(209): Illuminate\\Cookie\\Middleware\\AddQueuedCookiesToResponse->handle()
#19 /www/wwwroot/relawan.kenalipaslon.online/vendor/laravel/framework/src/Illuminate/Cookie/Middleware/EncryptCookies.php(75): Illuminate\\Pipeline\\Pipeline->Illuminate\\Pipeline\\{closure}()
#20 /www/wwwroot/relawan.kenalipaslon.online/vendor/laravel/framework/src/Illuminate/Pipeline/Pipeline.php(209): Illuminate\\Cookie\\Middleware\\EncryptCookies->handle()
#21 /www/wwwroot/relawan.kenalipaslon.online/vendor/laravel/framework/src/Illuminate/Pipeline/Pipeline.php(127): Illuminate\\Pipeline\\Pipeline->Illuminate\\Pipeline\\{closure}()
#22 /www/wwwroot/relawan.kenalipaslon.online/vendor/laravel/framework/src/Illuminate/Routing/Router.php(807): Illuminate\\Pipeline\\Pipeline->then()
#23 /www/wwwroot/relawan.kenalipaslon.online/vendor/laravel/framework/src/Illuminate/Routing/Router.php(786): Illuminate\\Routing\\Router->runRouteWithinStack()
#24 /www/wwwroot/relawan.kenalipaslon.online/vendor/laravel/framework/src/Illuminate/Routing/Router.php(750): Illuminate\\Routing\\Router->runRoute()
#25 /www/wwwroot/relawan.kenalipaslon.online/vendor/laravel/framework/src/Illuminate/Routing/Router.php(739): Illuminate\\Routing\\Router->dispatchToRoute()
#26 /www/wwwroot/relawan.kenalipaslon.online/vendor/laravel/framework/src/Illuminate/Foundation/Http/Kernel.php(201): Illuminate\\Routing\\Router->dispatch()
#27 /www/wwwroot/relawan.kenalipaslon.online/vendor/laravel/framework/src/Illuminate/Pipeline/Pipeline.php(170): Illuminate\\Foundation\\Http\\Kernel->Illuminate\\Foundation\\Http\\{closure}()
#28 /www/wwwroot/relawan.kenalipaslon.online/vendor/laravel/framework/src/Illuminate/Foundation/Http/Middleware/TransformsRequest.php(21): Illuminate\\Pipeline\\Pipeline->Illuminate\\Pipeline\\{closure}()
#29 /www/wwwroot/relawan.kenalipaslon.online/vendor/laravel/framework/src/Illuminate/Foundation/Http/Middleware/ConvertEmptyStringsToNull.php(31): Illuminate\\Foundation\\Http\\Middleware\\TransformsRequest->handle()
#30 /www/wwwroot/relawan.kenalipaslon.online/vendor/laravel/framework/src/Illuminate/Pipeline/Pipeline.php(209): Illuminate\\Foundation\\Http\\Middleware\\ConvertEmptyStringsToNull->handle()
#31 /www/wwwroot/relawan.kenalipaslon.online/vendor/laravel/framework/src/Illuminate/Foundation/Http/Middleware/TransformsRequest.php(21): Illuminate\\Pipeline\\Pipeline->Illuminate\\Pipeline\\{closure}()
#32 /www/wwwroot/relawan.kenalipaslon.online/vendor/laravel/framework/src/Illuminate/Foundation/Http/Middleware/TrimStrings.php(51): Illuminate\\Foundation\\Http\\Middleware\\TransformsRequest->handle()
#33 /www/wwwroot/relawan.kenalipaslon.online/vendor/laravel/framework/src/Illuminate/Pipeline/Pipeline.php(209): Illuminate\\Foundation\\Http\\Middleware\\TrimStrings->handle()
#34 /www/wwwroot/relawan.kenalipaslon.online/vendor/laravel/framework/src/Illuminate/Http/Middleware/ValidatePostSize.php(27): Illuminate\\Pipeline\\Pipeline->Illuminate\\Pipeline\\{closure}()
#35 /www/wwwroot/relawan.kenalipaslon.online/vendor/laravel/framework/src/Illuminate/Pipeline/Pipeline.php(209): Illuminate\\Http\\Middleware\\ValidatePostSize->handle()
#36 /www/wwwroot/relawan.kenalipaslon.online/vendor/laravel/framework/src/Illuminate/Foundation/Http/Middleware/PreventRequestsDuringMaintenance.php(110): Illuminate\\Pipeline\\Pipeline->Illuminate\\Pipeline\\{closure}()
#37 /www/wwwroot/relawan.kenalipaslon.online/vendor/laravel/framework/src/Illuminate/Pipeline/Pipeline.php(209): Illuminate\\Foundation\\Http\\Middleware\\PreventRequestsDuringMaintenance->handle()
#38 /www/wwwroot/relawan.kenalipaslon.online/vendor/laravel/framework/src/Illuminate/Http/Middleware/HandleCors.php(62): Illuminate\\Pipeline\\Pipeline->Illuminate\\Pipeline\\{closure}()
#39 /www/wwwroot/relawan.kenalipaslon.online/vendor/laravel/framework/src/Illuminate/Pipeline/Pipeline.php(209): Illuminate\\Http\\Middleware\\HandleCors->handle()
#40 /www/wwwroot/relawan.kenalipaslon.online/vendor/laravel/framework/src/Illuminate/Http/Middleware/TrustProxies.php(58): Illuminate\\Pipeline\\Pipeline->Illuminate\\Pipeline\\{closure}()
#41 /www/wwwroot/relawan.kenalipaslon.online/vendor/laravel/framework/src/Illuminate/Pipeline/Pipeline.php(209): Illuminate\\Http\\Middleware\\TrustProxies->handle()
#42 /www/wwwroot/relawan.kenalipaslon.online/vendor/laravel/framework/src/Illuminate/Foundation/Http/Middleware/InvokeDeferredCallbacks.php(22): Illuminate\\Pipeline\\Pipeline->Illuminate\\Pipeline\\{closure}()
#43 /www/wwwroot/relawan.kenalipaslon.online/vendor/laravel/framework/src/Illuminate/Pipeline/Pipeline.php(209): Illuminate\\Foundation\\Http\\Middleware\\InvokeDeferredCallbacks->handle()
#44 /www/wwwroot/relawan.kenalipaslon.online/vendor/laravel/framework/src/Illuminate/Pipeline/Pipeline.php(127): Illuminate\\Pipeline\\Pipeline->Illuminate\\Pipeline\\{closure}()
#45 /www/wwwroot/relawan.kenalipaslon.online/vendor/laravel/framework/src/Illuminate/Foundation/Http/Kernel.php(176): Illuminate\\Pipeline\\Pipeline->then()
#46 /www/wwwroot/relawan.kenalipaslon.online/vendor/laravel/framework/src/Illuminate/Foundation/Http/Kernel.php(145): Illuminate\\Foundation\\Http\\Kernel->sendRequestThroughRouter()
#47 /www/wwwroot/relawan.kenalipaslon.online/vendor/laravel/framework/src/Illuminate/Foundation/Application.php(1220): Illuminate\\Foundation\\Http\\Kernel->handle()
#48 /www/wwwroot/relawan.kenalipaslon.online/public/index.php(17): Illuminate\\Foundation\\Application->handleRequest()
#49 {main}
"} 
[2025-08-13 11:02:55] production.ERROR: file_put_contents(/www/wwwroot/relawan.kenalipaslon.online/bootstrap/cache/config.php): Failed to open stream: Permission denied {"exception":"[object] (ErrorException(code: 0): file_put_contents(/www/wwwroot/relawan.kenalipaslon.online/bootstrap/cache/config.php): Failed to open stream: Permission denied at /www/wwwroot/relawan.kenalipaslon.online/vendor/laravel/framework/src/Illuminate/Filesystem/Filesystem.php:204)
[stacktrace]
#0 /www/wwwroot/relawan.kenalipaslon.online/vendor/laravel/framework/src/Illuminate/Foundation/Bootstrap/HandleExceptions.php(256): Illuminate\\Foundation\\Bootstrap\\HandleExceptions->handleError()
#1 [internal function]: Illuminate\\Foundation\\Bootstrap\\HandleExceptions->Illuminate\\Foundation\\Bootstrap\\{closure}()
#2 /www/wwwroot/relawan.kenalipaslon.online/vendor/laravel/framework/src/Illuminate/Filesystem/Filesystem.php(204): file_put_contents()
#3 /www/wwwroot/relawan.kenalipaslon.online/vendor/laravel/framework/src/Illuminate/Foundation/Console/ConfigCacheCommand.php(64): Illuminate\\Filesystem\\Filesystem->put()
#4 /www/wwwroot/relawan.kenalipaslon.online/vendor/laravel/framework/src/Illuminate/Container/BoundMethod.php(36): Illuminate\\Foundation\\Console\\ConfigCacheCommand->handle()
#5 /www/wwwroot/relawan.kenalipaslon.online/vendor/laravel/framework/src/Illuminate/Container/Util.php(43): Illuminate\\Container\\BoundMethod::Illuminate\\Container\\{closure}()
#6 /www/wwwroot/relawan.kenalipaslon.online/vendor/laravel/framework/src/Illuminate/Container/BoundMethod.php(95): Illuminate\\Container\\Util::unwrapIfClosure()
#7 /www/wwwroot/relawan.kenalipaslon.online/vendor/laravel/framework/src/Illuminate/Container/BoundMethod.php(35): Illuminate\\Container\\BoundMethod::callBoundMethod()
#8 /www/wwwroot/relawan.kenalipaslon.online/vendor/laravel/framework/src/Illuminate/Container/Container.php(696): Illuminate\\Container\\BoundMethod::call()
#9 /www/wwwroot/relawan.kenalipaslon.online/vendor/laravel/framework/src/Illuminate/Console/Command.php(213): Illuminate\\Container\\Container->call()
#10 /www/wwwroot/relawan.kenalipaslon.online/vendor/symfony/console/Command/Command.php(318): Illuminate\\Console\\Command->execute()
#11 /www/wwwroot/relawan.kenalipaslon.online/vendor/laravel/framework/src/Illuminate/Console/Command.php(182): Symfony\\Component\\Console\\Command\\Command->run()
#12 /www/wwwroot/relawan.kenalipaslon.online/vendor/symfony/console/Application.php(1092): Illuminate\\Console\\Command->run()
#13 /www/wwwroot/relawan.kenalipaslon.online/vendor/symfony/console/Application.php(341): Symfony\\Component\\Console\\Application->doRunCommand()
#14 /www/wwwroot/relawan.kenalipaslon.online/vendor/symfony/console/Application.php(192): Symfony\\Component\\Console\\Application->doRun()
#15 /www/wwwroot/relawan.kenalipaslon.online/vendor/laravel/framework/src/Illuminate/Foundation/Console/Kernel.php(198): Symfony\\Component\\Console\\Application->run()
#16 /www/wwwroot/relawan.kenalipaslon.online/vendor/laravel/framework/src/Illuminate/Foundation/Application.php(1235): Illuminate\\Foundation\\Console\\Kernel->handle()
#17 /www/wwwroot/relawan.kenalipaslon.online/artisan(13): Illuminate\\Foundation\\Application->handleCommand()
#18 {main}
"} 
